<?xml version="1.0" encoding="UTF-8"?>
<robot generator="Robot 7.3.2 (Python 3.13.7 on linux)" generated="2025-11-13T18:55:10.224147" rpa="false" schemaversion="5">
<suite id="s1" name="Register" source="/home/lauri/Documents/Koulu/OHTU/palautusrepositorio/viikko3/login/src/tests/register.robot">
<kw name="Open And Configure Browser" owner="resource" type="SETUP">
<if>
<branch type="IF" condition="$BROWSER == 'chrome'">
<kw name="Evaluate" owner="BuiltIn">
<msg time="2025-11-13T18:55:10.338283" level="INFO">${options} = &lt;selenium.webdriver.chrome.options.Options object at 0x7f9f3135e120&gt;</msg>
<var>${options}</var>
<arg>sys.modules['selenium.webdriver'].ChromeOptions()</arg>
<arg>sys</arg>
<doc>Evaluates the given expression in Python and returns the result.</doc>
<status status="PASS" start="2025-11-13T18:55:10.338061" elapsed="0.000253"/>
</kw>
<kw name="Call Method" owner="BuiltIn">
<arg>${options}</arg>
<arg>add_argument</arg>
<arg>--incognito</arg>
<doc>Calls the named method of the given object with the provided arguments.</doc>
<status status="PASS" start="2025-11-13T18:55:10.338412" elapsed="0.000115"/>
</kw>
<status status="PASS" start="2025-11-13T18:55:10.337574" elapsed="0.000993"/>
</branch>
<branch type="ELSE IF" condition="$BROWSER == 'firefox'">
<kw name="Evaluate" owner="BuiltIn">
<var>${options}</var>
<arg>sys.modules['selenium.webdriver'].FirefoxOptions()</arg>
<arg>sys</arg>
<doc>Evaluates the given expression in Python and returns the result.</doc>
<status status="NOT RUN" start="2025-11-13T18:55:10.338675" elapsed="0.000019"/>
</kw>
<kw name="Call Method" owner="BuiltIn">
<arg>${options}</arg>
<arg>add_argument</arg>
<arg>--private-window</arg>
<doc>Calls the named method of the given object with the provided arguments.</doc>
<status status="NOT RUN" start="2025-11-13T18:55:10.338758" elapsed="0.000019"/>
</kw>
<status status="NOT RUN" start="2025-11-13T18:55:10.338602" elapsed="0.000203"/>
</branch>
<status status="PASS" start="2025-11-13T18:55:10.337552" elapsed="0.001281"/>
</if>
<if>
<branch type="IF" condition="$HEADLESS == 'true'">
<kw name="Set Selenium Speed" owner="SeleniumLibrary">
<arg>0.05 seconds</arg>
<doc>Sets the delay that is waited after each Selenium command.</doc>
<status status="NOT RUN" start="2025-11-13T18:55:10.338995" elapsed="0.000020"/>
</kw>
<kw name="Call Method" owner="BuiltIn">
<arg>${options}</arg>
<arg>add_argument</arg>
<arg>--headless</arg>
<doc>Calls the named method of the given object with the provided arguments.</doc>
<status status="NOT RUN" start="2025-11-13T18:55:10.339080" elapsed="0.000023"/>
</kw>
<status status="NOT RUN" start="2025-11-13T18:55:10.338874" elapsed="0.000260"/>
</branch>
<branch type="ELSE">
<kw name="Set Selenium Speed" owner="SeleniumLibrary">
<arg>${DELAY}</arg>
<doc>Sets the delay that is waited after each Selenium command.</doc>
<status status="PASS" start="2025-11-13T18:55:10.339233" elapsed="0.000162"/>
</kw>
<status status="PASS" start="2025-11-13T18:55:10.339165" elapsed="0.000261"/>
</branch>
<status status="PASS" start="2025-11-13T18:55:10.338863" elapsed="0.000589"/>
</if>
<kw name="Open Browser" owner="SeleniumLibrary">
<msg time="2025-11-13T18:55:10.339696" level="INFO">Opening browser 'chrome' to base url 'None'.</msg>
<arg>browser=${BROWSER}</arg>
<arg>options=${options}</arg>
<doc>Opens a new browser instance to the optional ``url``.</doc>
<status status="PASS" start="2025-11-13T18:55:10.339533" elapsed="0.397693"/>
</kw>
<status status="PASS" start="2025-11-13T18:55:10.337407" elapsed="0.399914"/>
</kw>
<test id="s1-t1" name="Register With Valid Username And Password" line="9">
<kw name="Reset Application Create User And Go To Register Page" type="SETUP">
<kw name="Reset Application" owner="AppLibrary">
<status status="PASS" start="2025-11-13T18:55:10.737932" elapsed="0.002387"/>
</kw>
<kw name="Create User" owner="AppLibrary">
<arg>kalle</arg>
<arg>kalle123</arg>
<status status="PASS" start="2025-11-13T18:55:10.740498" elapsed="0.003212"/>
</kw>
<kw name="Go To Register Page" owner="resource">
<kw name="Go To" owner="SeleniumLibrary">
<msg time="2025-11-13T18:55:10.744183" level="INFO">Opening url 'http://localhost:5001/register'</msg>
<arg>${REGISTER_URL}</arg>
<doc>Navigates the current browser window to the provided ``url``.</doc>
<status status="PASS" start="2025-11-13T18:55:10.744075" elapsed="0.578932"/>
</kw>
<status status="PASS" start="2025-11-13T18:55:10.743881" elapsed="0.579250"/>
</kw>
<status status="PASS" start="2025-11-13T18:55:10.737750" elapsed="0.585431"/>
</kw>
<kw name="Set Username">
<kw name="Input Text" owner="SeleniumLibrary">
<msg time="2025-11-13T18:55:11.324135" level="INFO">Typing text 'pekka' into text field 'username'.</msg>
<arg>username</arg>
<arg>${username}</arg>
<doc>Types the given ``text`` into the text field identified by ``locator``.</doc>
<status status="PASS" start="2025-11-13T18:55:11.323791" elapsed="1.558652"/>
</kw>
<arg>pekka</arg>
<status status="PASS" start="2025-11-13T18:55:11.323389" elapsed="1.559174"/>
</kw>
<kw name="Set Password">
<kw name="Input Password" owner="SeleniumLibrary">
<msg time="2025-11-13T18:55:12.883128" level="INFO">Typing password into text field 'password'.</msg>
<msg time="2025-11-13T18:55:13.904497" level="INFO">Temporally setting log level to: NONE</msg>
<arg>password</arg>
<arg>${password}</arg>
<doc>Types the given password into the text field identified by ``locator``.</doc>
<status status="PASS" start="2025-11-13T18:55:12.882967" elapsed="1.545845"/>
</kw>
<arg>pekka123456</arg>
<status status="PASS" start="2025-11-13T18:55:12.882750" elapsed="1.546155"/>
</kw>
<kw name="Set Password Confirmation">
<kw name="Input Password" owner="SeleniumLibrary">
<msg time="2025-11-13T18:55:14.429514" level="INFO">Typing password into text field 'password_confirmation'.</msg>
<msg time="2025-11-13T18:55:15.448371" level="INFO">Temporally setting log level to: NONE</msg>
<arg>password_confirmation</arg>
<arg>${password_confirmation}</arg>
<doc>Types the given password into the text field identified by ``locator``.</doc>
<status status="PASS" start="2025-11-13T18:55:14.429336" elapsed="1.541303"/>
</kw>
<arg>pekka123456</arg>
<status status="PASS" start="2025-11-13T18:55:14.429083" elapsed="1.541665"/>
</kw>
<kw name="Click Button" owner="SeleniumLibrary">
<msg time="2025-11-13T18:55:15.971223" level="INFO">Clicking button 'Register'.</msg>
<arg>Register</arg>
<doc>Clicks the button identified by ``locator``.</doc>
<status status="PASS" start="2025-11-13T18:55:15.971010" elapsed="2.053094"/>
</kw>
<kw name="Register Should Succeed">
<kw name="Welcome Page Should Be Open" owner="resource">
<kw name="Title Should Be" owner="SeleniumLibrary">
<msg time="2025-11-13T18:55:18.528218" level="INFO">Page title is 'Welcome to Ohtu Application!'.</msg>
<arg>Welcome to Ohtu Application!</arg>
<doc>Verifies that the current page title equals ``title``.</doc>
<status status="PASS" start="2025-11-13T18:55:18.024823" elapsed="0.503512"/>
</kw>
<status status="PASS" start="2025-11-13T18:55:18.024625" elapsed="0.503801"/>
</kw>
<status status="PASS" start="2025-11-13T18:55:18.024341" elapsed="0.504131"/>
</kw>
<status status="PASS" start="2025-11-13T18:55:10.737387" elapsed="7.791325"/>
</test>
<test id="s1-t2" name="Register With Too Short Username And Valid Password" line="16">
<kw name="Reset Application Create User And Go To Register Page" type="SETUP">
<kw name="Reset Application" owner="AppLibrary">
<status status="PASS" start="2025-11-13T18:55:18.529407" elapsed="0.001802"/>
</kw>
<kw name="Create User" owner="AppLibrary">
<arg>kalle</arg>
<arg>kalle123</arg>
<status status="PASS" start="2025-11-13T18:55:18.531336" elapsed="0.002991"/>
</kw>
<kw name="Go To Register Page" owner="resource">
<kw name="Go To" owner="SeleniumLibrary">
<msg time="2025-11-13T18:55:18.534713" level="INFO">Opening url 'http://localhost:5001/register'</msg>
<arg>${REGISTER_URL}</arg>
<doc>Navigates the current browser window to the provided ``url``.</doc>
<status status="PASS" start="2025-11-13T18:55:18.534618" elapsed="0.514812"/>
</kw>
<status status="PASS" start="2025-11-13T18:55:18.534442" elapsed="0.515199"/>
</kw>
<status status="PASS" start="2025-11-13T18:55:18.529234" elapsed="0.520526"/>
</kw>
<kw name="Set Username">
<kw name="Input Text" owner="SeleniumLibrary">
<msg time="2025-11-13T18:55:19.050345" level="INFO">Typing text 'pe' into text field 'username'.</msg>
<arg>username</arg>
<arg>${username}</arg>
<doc>Types the given ``text`` into the text field identified by ``locator``.</doc>
<status status="PASS" start="2025-11-13T18:55:19.050180" elapsed="1.538908"/>
</kw>
<arg>pe</arg>
<status status="PASS" start="2025-11-13T18:55:19.049949" elapsed="1.539242"/>
</kw>
<kw name="Set Password">
<kw name="Input Password" owner="SeleniumLibrary">
<msg time="2025-11-13T18:55:20.589734" level="INFO">Typing password into text field 'password'.</msg>
<msg time="2025-11-13T18:55:21.612593" level="INFO">Temporally setting log level to: NONE</msg>
<arg>password</arg>
<arg>${password}</arg>
<doc>Types the given password into the text field identified by ``locator``.</doc>
<status status="PASS" start="2025-11-13T18:55:20.589586" elapsed="1.548804"/>
</kw>
<arg>pekka123456</arg>
<status status="PASS" start="2025-11-13T18:55:20.589362" elapsed="1.549136"/>
</kw>
<kw name="Set Password Confirmation">
<kw name="Input Password" owner="SeleniumLibrary">
<msg time="2025-11-13T18:55:22.139261" level="INFO">Typing password into text field 'password_confirmation'.</msg>
<msg time="2025-11-13T18:55:23.155577" level="INFO">Temporally setting log level to: NONE</msg>
<arg>password_confirmation</arg>
<arg>${password_confirmation}</arg>
<doc>Types the given password into the text field identified by ``locator``.</doc>
<status status="PASS" start="2025-11-13T18:55:22.139076" elapsed="1.541268"/>
</kw>
<arg>pekka123456</arg>
<status status="PASS" start="2025-11-13T18:55:22.138793" elapsed="1.541653"/>
</kw>
<kw name="Click Button" owner="SeleniumLibrary">
<msg time="2025-11-13T18:55:23.680933" level="INFO">Clicking button 'Register'.</msg>
<arg>Register</arg>
<doc>Clicks the button identified by ``locator``.</doc>
<status status="PASS" start="2025-11-13T18:55:23.680726" elapsed="2.040688"/>
</kw>
<kw name="Register Should Fail With Message">
<kw name="Register Page Should Be Open" owner="resource">
<kw name="Title Should Be" owner="SeleniumLibrary">
<msg time="2025-11-13T18:55:26.227181" level="INFO">Page title is 'Register'.</msg>
<arg>Register</arg>
<doc>Verifies that the current page title equals ``title``.</doc>
<status status="PASS" start="2025-11-13T18:55:25.724338" elapsed="0.502943"/>
</kw>
<status status="PASS" start="2025-11-13T18:55:25.721951" elapsed="0.505412"/>
</kw>
<kw name="Page Should Contain" owner="SeleniumLibrary">
<msg time="2025-11-13T18:55:27.236028" level="INFO">Current page contains text 'Username must be at least 3 characters long'.</msg>
<arg>${message}</arg>
<doc>Verifies that current page contains ``text``.</doc>
<status status="PASS" start="2025-11-13T18:55:26.227470" elapsed="1.008658"/>
</kw>
<arg>Username must be at least 3 characters long</arg>
<status status="PASS" start="2025-11-13T18:55:25.721687" elapsed="1.514521"/>
</kw>
<status status="PASS" start="2025-11-13T18:55:18.528937" elapsed="8.707405"/>
</test>
<test id="s1-t3" name="Register With Valid Username And Too Short Password" line="23">
<kw name="Reset Application Create User And Go To Register Page" type="SETUP">
<kw name="Reset Application" owner="AppLibrary">
<status status="PASS" start="2025-11-13T18:55:27.237021" elapsed="0.001858"/>
</kw>
<kw name="Create User" owner="AppLibrary">
<arg>kalle</arg>
<arg>kalle123</arg>
<status status="PASS" start="2025-11-13T18:55:27.238967" elapsed="0.003099"/>
</kw>
<kw name="Go To Register Page" owner="resource">
<kw name="Go To" owner="SeleniumLibrary">
<msg time="2025-11-13T18:55:27.242424" level="INFO">Opening url 'http://localhost:5001/register'</msg>
<arg>${REGISTER_URL}</arg>
<doc>Navigates the current browser window to the provided ``url``.</doc>
<status status="PASS" start="2025-11-13T18:55:27.242332" elapsed="0.514722"/>
</kw>
<status status="PASS" start="2025-11-13T18:55:27.242178" elapsed="0.514991"/>
</kw>
<status status="PASS" start="2025-11-13T18:55:27.236824" elapsed="0.520396"/>
</kw>
<kw name="Set Username">
<kw name="Input Text" owner="SeleniumLibrary">
<msg time="2025-11-13T18:55:27.757837" level="INFO">Typing text 'pekka' into text field 'username'.</msg>
<arg>username</arg>
<arg>${username}</arg>
<doc>Types the given ``text`` into the text field identified by ``locator``.</doc>
<status status="PASS" start="2025-11-13T18:55:27.757682" elapsed="1.535575"/>
</kw>
<arg>pekka</arg>
<status status="PASS" start="2025-11-13T18:55:27.757411" elapsed="1.535945"/>
</kw>
<kw name="Set Password">
<kw name="Input Password" owner="SeleniumLibrary">
<msg time="2025-11-13T18:55:29.293889" level="INFO">Typing password into text field 'password'.</msg>
<msg time="2025-11-13T18:55:30.310840" level="INFO">Temporally setting log level to: NONE</msg>
<arg>password</arg>
<arg>${password}</arg>
<doc>Types the given password into the text field identified by ``locator``.</doc>
<status status="PASS" start="2025-11-13T18:55:29.293745" elapsed="1.537742"/>
</kw>
<arg>pekka12</arg>
<status status="PASS" start="2025-11-13T18:55:29.293534" elapsed="1.538164"/>
</kw>
<kw name="Set Password Confirmation">
<kw name="Input Password" owner="SeleniumLibrary">
<msg time="2025-11-13T18:55:30.832249" level="INFO">Typing password into text field 'password_confirmation'.</msg>
<msg time="2025-11-13T18:55:31.849198" level="INFO">Temporally setting log level to: NONE</msg>
<arg>password_confirmation</arg>
<arg>${password_confirmation}</arg>
<doc>Types the given password into the text field identified by ``locator``.</doc>
<status status="PASS" start="2025-11-13T18:55:30.832093" elapsed="1.538738"/>
</kw>
<arg>pekka12</arg>
<status status="PASS" start="2025-11-13T18:55:30.831872" elapsed="1.539051"/>
</kw>
<kw name="Click Button" owner="SeleniumLibrary">
<msg time="2025-11-13T18:55:32.371252" level="INFO">Clicking button 'Register'.</msg>
<arg>Register</arg>
<doc>Clicks the button identified by ``locator``.</doc>
<status status="PASS" start="2025-11-13T18:55:32.371081" elapsed="2.041371"/>
</kw>
<kw name="Register Should Fail With Message">
<kw name="Register Page Should Be Open" owner="resource">
<kw name="Title Should Be" owner="SeleniumLibrary">
<msg time="2025-11-13T18:55:34.915924" level="INFO">Page title is 'Register'.</msg>
<arg>Register</arg>
<doc>Verifies that the current page title equals ``title``.</doc>
<status status="PASS" start="2025-11-13T18:55:34.413188" elapsed="0.502832"/>
</kw>
<status status="PASS" start="2025-11-13T18:55:34.412988" elapsed="0.503111"/>
</kw>
<kw name="Page Should Contain" owner="SeleniumLibrary">
<msg time="2025-11-13T18:55:35.924552" level="INFO">Current page contains text 'Password must be at least 8 characters long and not consist of only letters'.</msg>
<arg>${message}</arg>
<doc>Verifies that current page contains ``text``.</doc>
<status status="PASS" start="2025-11-13T18:55:34.916203" elapsed="1.008457"/>
</kw>
<arg>Password must be at least 8 characters long and not consist of only letters</arg>
<status status="PASS" start="2025-11-13T18:55:34.412713" elapsed="1.512042"/>
</kw>
<status status="PASS" start="2025-11-13T18:55:27.236530" elapsed="8.688360"/>
</test>
<test id="s1-t4" name="Register With Valid Username And Invalid Password" line="30">
<kw name="Reset Application Create User And Go To Register Page" type="SETUP">
<kw name="Reset Application" owner="AppLibrary">
<status status="PASS" start="2025-11-13T18:55:35.925536" elapsed="0.001926"/>
</kw>
<kw name="Create User" owner="AppLibrary">
<arg>kalle</arg>
<arg>kalle123</arg>
<status status="PASS" start="2025-11-13T18:55:35.927587" elapsed="0.002943"/>
</kw>
<kw name="Go To Register Page" owner="resource">
<kw name="Go To" owner="SeleniumLibrary">
<msg time="2025-11-13T18:55:35.930904" level="INFO">Opening url 'http://localhost:5001/register'</msg>
<arg>${REGISTER_URL}</arg>
<doc>Navigates the current browser window to the provided ``url``.</doc>
<status status="PASS" start="2025-11-13T18:55:35.930812" elapsed="0.513014"/>
</kw>
<status status="PASS" start="2025-11-13T18:55:35.930649" elapsed="0.513278"/>
</kw>
<status status="PASS" start="2025-11-13T18:55:35.925326" elapsed="0.518706"/>
</kw>
<kw name="Set Username">
<kw name="Input Text" owner="SeleniumLibrary">
<msg time="2025-11-13T18:55:36.444675" level="INFO">Typing text 'pekka' into text field 'username'.</msg>
<arg>username</arg>
<arg>${username}</arg>
<doc>Types the given ``text`` into the text field identified by ``locator``.</doc>
<status status="PASS" start="2025-11-13T18:55:36.444449" elapsed="1.536494"/>
</kw>
<arg>pekka</arg>
<status status="PASS" start="2025-11-13T18:55:36.444222" elapsed="1.536824"/>
</kw>
<kw name="Set Password">
<kw name="Input Password" owner="SeleniumLibrary">
<msg time="2025-11-13T18:55:37.981709" level="INFO">Typing password into text field 'password'.</msg>
<msg time="2025-11-13T18:55:38.997262" level="INFO">Temporally setting log level to: NONE</msg>
<arg>password</arg>
<arg>${password}</arg>
<doc>Types the given password into the text field identified by ``locator``.</doc>
<status status="PASS" start="2025-11-13T18:55:37.981441" elapsed="1.536464"/>
</kw>
<arg>pekkapekka</arg>
<status status="PASS" start="2025-11-13T18:55:37.981216" elapsed="1.536786"/>
</kw>
<kw name="Set Password Confirmation">
<kw name="Input Password" owner="SeleniumLibrary">
<msg time="2025-11-13T18:55:39.518517" level="INFO">Typing password into text field 'password_confirmation'.</msg>
<msg time="2025-11-13T18:55:40.535137" level="INFO">Temporally setting log level to: NONE</msg>
<arg>password_confirmation</arg>
<arg>${password_confirmation}</arg>
<doc>Types the given password into the text field identified by ``locator``.</doc>
<status status="PASS" start="2025-11-13T18:55:39.518355" elapsed="1.539331"/>
</kw>
<arg>pekkapekka</arg>
<status status="PASS" start="2025-11-13T18:55:39.518158" elapsed="1.539628"/>
</kw>
<kw name="Click Button" owner="SeleniumLibrary">
<msg time="2025-11-13T18:55:41.058076" level="INFO">Clicking button 'Register'.</msg>
<arg>Register</arg>
<doc>Clicks the button identified by ``locator``.</doc>
<status status="PASS" start="2025-11-13T18:55:41.057939" elapsed="2.042121"/>
</kw>
<kw name="Register Should Fail With Message">
<kw name="Register Page Should Be Open" owner="resource">
<kw name="Title Should Be" owner="SeleniumLibrary">
<msg time="2025-11-13T18:55:43.603497" level="INFO">Page title is 'Register'.</msg>
<arg>Register</arg>
<doc>Verifies that the current page title equals ``title``.</doc>
<status status="PASS" start="2025-11-13T18:55:43.100928" elapsed="0.502671"/>
</kw>
<status status="PASS" start="2025-11-13T18:55:43.100644" elapsed="0.503039"/>
</kw>
<kw name="Page Should Contain" owner="SeleniumLibrary">
<msg time="2025-11-13T18:55:44.610136" level="INFO">Current page contains text 'Password must be at least 8 characters long and not consist of only letters'.</msg>
<arg>${message}</arg>
<doc>Verifies that current page contains ``text``.</doc>
<status status="PASS" start="2025-11-13T18:55:43.603794" elapsed="1.006415"/>
</kw>
<arg>Password must be at least 8 characters long and not consist of only letters</arg>
<status status="PASS" start="2025-11-13T18:55:43.100298" elapsed="1.509985"/>
</kw>
<status status="PASS" start="2025-11-13T18:55:35.925063" elapsed="8.685343"/>
</test>
<test id="s1-t5" name="Register With Nonmatching Password And Password Confirmation" line="38">
<kw name="Reset Application Create User And Go To Register Page" type="SETUP">
<kw name="Reset Application" owner="AppLibrary">
<status status="PASS" start="2025-11-13T18:55:44.611087" elapsed="0.001670"/>
</kw>
<kw name="Create User" owner="AppLibrary">
<arg>kalle</arg>
<arg>kalle123</arg>
<status status="PASS" start="2025-11-13T18:55:44.612833" elapsed="0.002950"/>
</kw>
<kw name="Go To Register Page" owner="resource">
<kw name="Go To" owner="SeleniumLibrary">
<msg time="2025-11-13T18:55:44.616123" level="INFO">Opening url 'http://localhost:5001/register'</msg>
<arg>${REGISTER_URL}</arg>
<doc>Navigates the current browser window to the provided ``url``.</doc>
<status status="PASS" start="2025-11-13T18:55:44.616039" elapsed="0.514293"/>
</kw>
<status status="PASS" start="2025-11-13T18:55:44.615889" elapsed="0.514552"/>
</kw>
<status status="PASS" start="2025-11-13T18:55:44.610917" elapsed="0.519572"/>
</kw>
<kw name="Set Username">
<kw name="Input Text" owner="SeleniumLibrary">
<msg time="2025-11-13T18:55:45.131072" level="INFO">Typing text 'pekka' into text field 'username'.</msg>
<arg>username</arg>
<arg>${username}</arg>
<doc>Types the given ``text`` into the text field identified by ``locator``.</doc>
<status status="PASS" start="2025-11-13T18:55:45.130913" elapsed="1.536454"/>
</kw>
<arg>pekka</arg>
<status status="PASS" start="2025-11-13T18:55:45.130686" elapsed="1.536786"/>
</kw>
<kw name="Set Password">
<kw name="Input Password" owner="SeleniumLibrary">
<msg time="2025-11-13T18:55:46.668106" level="INFO">Typing password into text field 'password'.</msg>
<msg time="2025-11-13T18:55:47.684601" level="INFO">Temporally setting log level to: NONE</msg>
<arg>password</arg>
<arg>${password}</arg>
<doc>Types the given password into the text field identified by ``locator``.</doc>
<status status="PASS" start="2025-11-13T18:55:46.667944" elapsed="1.538228"/>
</kw>
<arg>pekka123</arg>
<status status="PASS" start="2025-11-13T18:55:46.667684" elapsed="1.538578"/>
</kw>
<kw name="Set Password Confirmation">
<kw name="Input Password" owner="SeleniumLibrary">
<msg time="2025-11-13T18:55:48.206857" level="INFO">Typing password into text field 'password_confirmation'.</msg>
<msg time="2025-11-13T18:55:49.223074" level="INFO">Temporally setting log level to: NONE</msg>
<arg>password_confirmation</arg>
<arg>${password_confirmation}</arg>
<doc>Types the given password into the text field identified by ``locator``.</doc>
<status status="PASS" start="2025-11-13T18:55:48.206706" elapsed="1.536184"/>
</kw>
<arg>pekka1234</arg>
<status status="PASS" start="2025-11-13T18:55:48.206445" elapsed="1.536537"/>
</kw>
<kw name="Click Button" owner="SeleniumLibrary">
<msg time="2025-11-13T18:55:49.743319" level="INFO">Clicking button 'Register'.</msg>
<arg>Register</arg>
<doc>Clicks the button identified by ``locator``.</doc>
<status status="PASS" start="2025-11-13T18:55:49.743135" elapsed="2.040951"/>
</kw>
<kw name="Register Should Fail With Message">
<kw name="Register Page Should Be Open" owner="resource">
<kw name="Title Should Be" owner="SeleniumLibrary">
<msg time="2025-11-13T18:55:52.287553" level="INFO">Page title is 'Register'.</msg>
<arg>Register</arg>
<doc>Verifies that the current page title equals ``title``.</doc>
<status status="PASS" start="2025-11-13T18:55:51.784729" elapsed="0.502917"/>
</kw>
<status status="PASS" start="2025-11-13T18:55:51.784574" elapsed="0.503148"/>
</kw>
<kw name="Page Should Contain" owner="SeleniumLibrary">
<msg time="2025-11-13T18:55:53.296644" level="INFO">Current page contains text 'Passwords do not match'.</msg>
<arg>${message}</arg>
<doc>Verifies that current page contains ``text``.</doc>
<status status="PASS" start="2025-11-13T18:55:52.287827" elapsed="1.008902"/>
</kw>
<arg>Passwords do not match</arg>
<status status="PASS" start="2025-11-13T18:55:51.784329" elapsed="1.512476"/>
</kw>
<status status="PASS" start="2025-11-13T18:55:44.610620" elapsed="8.686305"/>
</test>
<test id="s1-t6" name="Register With Username That Is Already In Use" line="45">
<kw name="Reset Application Create User And Go To Register Page" type="SETUP">
<kw name="Reset Application" owner="AppLibrary">
<status status="PASS" start="2025-11-13T18:55:53.297552" elapsed="0.001932"/>
</kw>
<kw name="Create User" owner="AppLibrary">
<arg>kalle</arg>
<arg>kalle123</arg>
<status status="PASS" start="2025-11-13T18:55:53.299629" elapsed="0.003128"/>
</kw>
<kw name="Go To Register Page" owner="resource">
<kw name="Go To" owner="SeleniumLibrary">
<msg time="2025-11-13T18:55:53.303191" level="INFO">Opening url 'http://localhost:5001/register'</msg>
<arg>${REGISTER_URL}</arg>
<doc>Navigates the current browser window to the provided ``url``.</doc>
<status status="PASS" start="2025-11-13T18:55:53.303086" elapsed="0.513143"/>
</kw>
<status status="PASS" start="2025-11-13T18:55:53.302892" elapsed="0.513450"/>
</kw>
<status status="PASS" start="2025-11-13T18:55:53.297348" elapsed="0.519106"/>
</kw>
<kw name="Set Username">
<kw name="Input Text" owner="SeleniumLibrary">
<msg time="2025-11-13T18:55:53.817079" level="INFO">Typing text 'pekka' into text field 'username'.</msg>
<arg>username</arg>
<arg>${username}</arg>
<doc>Types the given ``text`` into the text field identified by ``locator``.</doc>
<status status="PASS" start="2025-11-13T18:55:53.816914" elapsed="1.536662"/>
</kw>
<arg>pekka</arg>
<status status="PASS" start="2025-11-13T18:55:53.816668" elapsed="1.537012"/>
</kw>
<kw name="Set Password">
<kw name="Input Password" owner="SeleniumLibrary">
<msg time="2025-11-13T18:55:55.354243" level="INFO">Typing password into text field 'password'.</msg>
<msg time="2025-11-13T18:55:56.370305" level="INFO">Temporally setting log level to: NONE</msg>
<arg>password</arg>
<arg>${password}</arg>
<doc>Types the given password into the text field identified by ``locator``.</doc>
<status status="PASS" start="2025-11-13T18:55:55.354084" elapsed="1.536888"/>
</kw>
<arg>pekka123</arg>
<status status="PASS" start="2025-11-13T18:55:55.353856" elapsed="1.537229"/>
</kw>
<kw name="Set Password Confirmation">
<kw name="Input Password" owner="SeleniumLibrary">
<msg time="2025-11-13T18:55:56.891638" level="INFO">Typing password into text field 'password_confirmation'.</msg>
<msg time="2025-11-13T18:55:57.906794" level="INFO">Temporally setting log level to: NONE</msg>
<arg>password_confirmation</arg>
<arg>${password_confirmation}</arg>
<doc>Types the given password into the text field identified by ``locator``.</doc>
<status status="PASS" start="2025-11-13T18:55:56.891485" elapsed="1.535689"/>
</kw>
<arg>pekka123</arg>
<status status="PASS" start="2025-11-13T18:55:56.891276" elapsed="1.535996"/>
</kw>
<kw name="Click Button" owner="SeleniumLibrary">
<msg time="2025-11-13T18:55:58.427568" level="INFO">Clicking button 'Register'.</msg>
<arg>Register</arg>
<doc>Clicks the button identified by ``locator``.</doc>
<status status="PASS" start="2025-11-13T18:55:58.427422" elapsed="2.040448"/>
</kw>
<kw name="Register Should Succeed">
<kw name="Welcome Page Should Be Open" owner="resource">
<kw name="Title Should Be" owner="SeleniumLibrary">
<msg time="2025-11-13T18:56:00.971525" level="INFO">Page title is 'Welcome to Ohtu Application!'.</msg>
<arg>Welcome to Ohtu Application!</arg>
<doc>Verifies that the current page title equals ``title``.</doc>
<status status="PASS" start="2025-11-13T18:56:00.468486" elapsed="0.503137"/>
</kw>
<status status="PASS" start="2025-11-13T18:56:00.468322" elapsed="0.503378"/>
</kw>
<status status="PASS" start="2025-11-13T18:56:00.468103" elapsed="0.503638"/>
</kw>
<kw name="Go To Register Page" owner="resource">
<kw name="Go To" owner="SeleniumLibrary">
<msg time="2025-11-13T18:56:00.972195" level="INFO">Opening url 'http://localhost:5001/register'</msg>
<arg>${REGISTER_URL}</arg>
<doc>Navigates the current browser window to the provided ``url``.</doc>
<status status="PASS" start="2025-11-13T18:56:00.972093" elapsed="0.517900"/>
</kw>
<status status="PASS" start="2025-11-13T18:56:00.971907" elapsed="0.518190"/>
</kw>
<kw name="Set Username">
<kw name="Input Text" owner="SeleniumLibrary">
<msg time="2025-11-13T18:56:01.490666" level="INFO">Typing text 'pekka' into text field 'username'.</msg>
<arg>username</arg>
<arg>${username}</arg>
<doc>Types the given ``text`` into the text field identified by ``locator``.</doc>
<status status="PASS" start="2025-11-13T18:56:01.490486" elapsed="1.535499"/>
</kw>
<arg>pekka</arg>
<status status="PASS" start="2025-11-13T18:56:01.490273" elapsed="1.535825"/>
</kw>
<kw name="Set Password">
<kw name="Input Password" owner="SeleniumLibrary">
<msg time="2025-11-13T18:56:03.026975" level="INFO">Typing password into text field 'password'.</msg>
<msg time="2025-11-13T18:56:04.043197" level="INFO">Temporally setting log level to: NONE</msg>
<arg>password</arg>
<arg>${password}</arg>
<doc>Types the given password into the text field identified by ``locator``.</doc>
<status status="PASS" start="2025-11-13T18:56:03.026688" elapsed="1.536397"/>
</kw>
<arg>pekka123</arg>
<status status="PASS" start="2025-11-13T18:56:03.026314" elapsed="1.536861"/>
</kw>
<kw name="Set Password Confirmation">
<kw name="Input Password" owner="SeleniumLibrary">
<msg time="2025-11-13T18:56:04.563716" level="INFO">Typing password into text field 'password_confirmation'.</msg>
<msg time="2025-11-13T18:56:05.579451" level="INFO">Temporally setting log level to: NONE</msg>
<arg>password_confirmation</arg>
<arg>${password_confirmation}</arg>
<doc>Types the given password into the text field identified by ``locator``.</doc>
<status status="PASS" start="2025-11-13T18:56:04.563575" elapsed="1.536093"/>
</kw>
<arg>pekka123</arg>
<status status="PASS" start="2025-11-13T18:56:04.563350" elapsed="1.536422"/>
</kw>
<kw name="Click Button" owner="SeleniumLibrary">
<msg time="2025-11-13T18:56:06.100081" level="INFO">Clicking button 'Register'.</msg>
<arg>Register</arg>
<doc>Clicks the button identified by ``locator``.</doc>
<status status="PASS" start="2025-11-13T18:56:06.099930" elapsed="2.041463"/>
</kw>
<kw name="Register Should Fail With Message">
<kw name="Register Page Should Be Open" owner="resource">
<kw name="Title Should Be" owner="SeleniumLibrary">
<msg time="2025-11-13T18:56:08.644803" level="INFO">Page title is 'Register'.</msg>
<arg>Register</arg>
<doc>Verifies that the current page title equals ``title``.</doc>
<status status="PASS" start="2025-11-13T18:56:08.142025" elapsed="0.502865"/>
</kw>
<status status="PASS" start="2025-11-13T18:56:08.141870" elapsed="0.503094"/>
</kw>
<kw name="Page Should Contain" owner="SeleniumLibrary">
<msg time="2025-11-13T18:56:09.653409" level="INFO">Current page contains text 'User with username pekka already exists'.</msg>
<arg>${message}</arg>
<doc>Verifies that current page contains ``text``.</doc>
<status status="PASS" start="2025-11-13T18:56:08.645066" elapsed="1.008451"/>
</kw>
<arg>User with username pekka already exists</arg>
<status status="PASS" start="2025-11-13T18:56:08.141647" elapsed="1.511959"/>
</kw>
<status status="PASS" start="2025-11-13T18:55:53.297088" elapsed="16.356656"/>
</test>
<kw name="Close Browser" owner="SeleniumLibrary" type="TEARDOWN">
<doc>Closes the current browser.</doc>
<status status="PASS" start="2025-11-13T18:56:09.654202" elapsed="0.564774"/>
</kw>
<status status="PASS" start="2025-11-13T18:55:10.224815" elapsed="59.994222"/>
</suite>
<statistics>
<total>
<stat pass="6" fail="0" skip="0">All Tests</stat>
</total>
<tag>
</tag>
<suite>
<stat name="Register" id="s1" pass="6" fail="0" skip="0">Register</stat>
</suite>
</statistics>
<errors>
</errors>
</robot>
